<?xml version="1.0" encoding="UTF-8"?>
<!-- Generated by org.testng.reporters.JUnitXMLReporter -->
<testsuite ignored="0" hostname="EMMANUEL-LAPTOP" failures="0" tests="5" name="Surefire test" time="39.585" errors="0" timestamp="2025-09-08T10:52:36 GMT">
  <testcase classname="com.amalitech.tests.CartTest" name="testCartItemDetails" time="0.509"/>
  <testcase classname="com.amalitech.tests.CartTest" name="testCartNavigation" time="12.409"/>
  <testcase classname="com.amalitech.tests.CartTest" name="testCartPageCompleteness" time="0.598"/>
  <testcase classname="com.amalitech.tests.CartTest" name="testCartPageDisplay" time="0.385"/>
  <testcase classname="com.amalitech.tests.CartTest" name="testRemoveButtons" time="3.484"/>
</testsuite> <!-- Surefire test -->
