<?xml version="1.0" encoding="UTF-8"?>
<testng-results ignored="0" total="5" passed="5" failed="0" skipped="0">
  <reporter-output>
  </reporter-output>
  <suite started-at="2025-09-08T10:51:57 GMT" name="Surefire suite" finished-at="2025-09-08T10:52:36 GMT" duration-ms="39585">
    <groups>
    </groups>
    <test started-at="2025-09-08T10:51:57 GMT" name="Surefire test" finished-at="2025-09-08T10:52:36 GMT" duration-ms="39585">
      <class name="com.amalitech.tests.CartTest">
        <test-method is-config="true" signature="setUp(java.lang.String,java.lang.String,java.lang.String)[pri:0, instance:com.amalitech.tests.CartTest@56276db8]" started-at="2025-09-08T10:51:57 GMT" name="setUp" finished-at="2025-09-08T10:52:03 GMT" duration-ms="5951" status="PASS">
          <params>
            <param index="0">
              <value>
                <![CDATA[Android]]>
              </value>
            </param>
            <param index="1">
              <value>
                <![CDATA[emulator-5554]]>
              </value>
            </param>
            <param index="2">
              <value>
                <![CDATA[16]]>
              </value>
            </param>
          </params>
          <reporter-output>
          </reporter-output>
        </test-method> <!-- setUp -->
        <test-method is-config="true" signature="setUpClass()[pri:0, instance:com.amalitech.tests.CartTest@56276db8]" started-at="2025-09-08T10:52:03 GMT" name="setUpClass" finished-at="2025-09-08T10:52:18 GMT" duration-ms="15455" status="PASS">
          <reporter-output>
          </reporter-output>
        </test-method> <!-- setUpClass -->
        <test-method signature="testCartItemDetails()[pri:0, instance:com.amalitech.tests.CartTest@56276db8]" started-at="2025-09-08T10:52:18 GMT" name="testCartItemDetails" description="Test cart items and their details" finished-at="2025-09-08T10:52:19 GMT" duration-ms="509" status="PASS">
          <reporter-output>
          </reporter-output>
        </test-method> <!-- testCartItemDetails -->
        <test-method signature="testCartNavigation()[pri:0, instance:com.amalitech.tests.CartTest@56276db8]" started-at="2025-09-08T10:52:19 GMT" name="testCartNavigation" description="Test cart navigation elements" finished-at="2025-09-08T10:52:31 GMT" duration-ms="12409" status="PASS">
          <reporter-output>
          </reporter-output>
        </test-method> <!-- testCartNavigation -->
        <test-method signature="testCartPageCompleteness()[pri:0, instance:com.amalitech.tests.CartTest@56276db8]" started-at="2025-09-08T10:52:31 GMT" name="testCartPageCompleteness" description="Test cart page completeness" finished-at="2025-09-08T10:52:32 GMT" duration-ms="598" status="PASS">
          <reporter-output>
          </reporter-output>
        </test-method> <!-- testCartPageCompleteness -->
        <test-method signature="testCartPageDisplay()[pri:0, instance:com.amalitech.tests.CartTest@56276db8]" started-at="2025-09-08T10:52:32 GMT" name="testCartPageDisplay" description="Test cart page displays correctly with items" finished-at="2025-09-08T10:52:32 GMT" duration-ms="385" status="PASS">
          <reporter-output>
          </reporter-output>
        </test-method> <!-- testCartPageDisplay -->
        <test-method signature="testRemoveButtons()[pri:0, instance:com.amalitech.tests.CartTest@56276db8]" started-at="2025-09-08T10:52:32 GMT" name="testRemoveButtons" description="Test REMOVE buttons functionality" finished-at="2025-09-08T10:52:36 GMT" duration-ms="3484" status="PASS">
          <reporter-output>
          </reporter-output>
        </test-method> <!-- testRemoveButtons -->
        <test-method is-config="true" signature="tearDown()[pri:0, instance:com.amalitech.tests.CartTest@56276db8]" started-at="2025-09-08T10:52:36 GMT" name="tearDown" finished-at="2025-09-08T10:52:36 GMT" duration-ms="671" status="PASS">
          <reporter-output>
          </reporter-output>
        </test-method> <!-- tearDown -->
      </class> <!-- com.amalitech.tests.CartTest -->
    </test> <!-- Surefire test -->
  </suite> <!-- Surefire suite -->
</testng-results>
