<?xml version="1.0" encoding="UTF-8"?>
<testsuite xmlns:xsi="http://www.w3.org/2001/XMLSchema-instance" xsi:noNamespaceSchemaLocation="https://maven.apache.org/surefire/maven-surefire-plugin/xsd/surefire-test-report-3.0.xsd" version="3.0" name="com.amalitech.tests.CheckoutTest" time="44.233" tests="5" errors="0" skipped="0" failures="0">
  <properties>
[...]
</properties>
  <testcase name="testCheckoutFormValidation" classname="com.amalitech.tests.CheckoutTest" time="0.402">
    <system-out><![CDATA[10:50:18.528 [main] INFO  com.amalitech.base.BaseTest - Setting up Appium driver...
10:50:18.539 [main] INFO  com.amalitech.utils.ConfigReader - Configuration properties loaded from classpath
10:50:18.540 [main] INFO  com.amalitech.base.BaseTest - Connecting to Appium server: http://localhost:4723
10:50:27.228 [main] INFO  com.amalitech.base.BaseTest - Appium driver initialized successfully
Setting up checkout for testing...
Proceeded to checkout
✓ Checkout setup completed - ready for testing!
✓ Currently on: CHECKOUT: INFORMATION
Starting checkout form validation test...
✓ First Name field found
✓ Last Name field found
✓ Zip/Postal Code field found
✓ Continue button found
Checkout form validation test PASSED!
]]></system-out>
    <system-err><![CDATA[SLF4J(W): No SLF4J providers were found.
SLF4J(W): Defaulting to no-operation (NOP) logger implementation
SLF4J(W): See https://www.slf4j.org/codes.html#noProviders for further details.
SLF4J(W): Class path contains SLF4J bindings targeting slf4j-api versions 1.7.x or earlier.
SLF4J(W): Ignoring binding found at [jar:file:/C:/Users/Emmanuel%20Arhu/.m2/repository/org/apache/logging/log4j/log4j-slf4j-impl/2.25.1/log4j-slf4j-impl-2.25.1.jar!/org/slf4j/impl/StaticLoggerBinder.class]
SLF4J(W): See https://www.slf4j.org/codes.html#ignoredBindings for an explanation.
]]></system-err>
  </testcase>
  <testcase name="testCheckoutInformationPageDisplay" classname="com.amalitech.tests.CheckoutTest" time="0.346">
    <system-out><![CDATA[Starting checkout information page display test...
✓ Checkout information title verified: CHECKOUT: INFORMATION
All checkout information fields validated successfully
✓ Checkout information fields validated
Checkout information page display test PASSED!
]]></system-out>
  </testcase>
  <testcase name="testCheckoutPageCompleteness" classname="com.amalitech.tests.CheckoutTest" time="0.357">
    <system-out><![CDATA[Starting checkout page completeness test...
=== CHECKOUT INFORMATION PAGE SUMMARY ===
Page Title: CHECKOUT: INFORMATION
Has First Name Field: true
Has Last Name Field: true
Has Zip Code Field: true
Has Continue Button: true
=========================================
Checkout page completeness test PASSED!
🎉 ALL CHECKOUT TESTS COMPLETED SUCCESSFULLY! 🎉
Test ends here at CHECKOUT: INFORMATION page as requested.
]]></system-out>
  </testcase>
  <testcase name="testFillCheckoutInformation" classname="com.amalitech.tests.CheckoutTest" time="4.819">
    <system-out><![CDATA[Starting fill checkout information test...
Filled shipping info: Emmanuel Arhu, 0233
✓ Successfully filled shipping information: Emmanuel Arhu, 0233
✓ First name field contains: Emmanuel
Fill checkout information test PASSED!
]]></system-out>
  </testcase>
  <testcase name="testShippingInformationScenarios" classname="com.amalitech.tests.CheckoutTest" time="8.481">
    <system-out><![CDATA[Starting shipping information scenarios test...
✓ Cleared all fields
✓ Filled with test information: Test User, 12345
✓ Restored Emmanuel's information: Emmanuel Arhu, 0233
Shipping information scenarios test PASSED!
]]></system-out>
  </testcase>
</testsuite>