<?xml version="1.0" encoding="UTF-8"?>
<testsuite xmlns:xsi="http://www.w3.org/2001/XMLSchema-instance" xsi:noNamespaceSchemaLocation="https://maven.apache.org/surefire/maven-surefire-plugin/xsd/surefire-test-report-3.0.xsd" version="3.0" name="com.amalitech.tests.EndToEndTest" time="56.149" tests="1" errors="0" skipped="0" failures="0">
  <properties>
[...]
</properties>
  <testcase name="testCompleteUserJourney" classname="com.amalitech.tests.EndToEndTest" time="40.83">
    <system-out><![CDATA[10:49:13.334 [main] INFO  com.amalitech.base.BaseTest - Setting up Appium driver...
10:49:13.350 [main] INFO  com.amalitech.utils.ConfigReader - Configuration properties loaded from classpath
10:49:13.351 [main] INFO  com.amalitech.base.BaseTest - Connecting to Appium server: http://localhost:4723
10:49:23.084 [main] INFO  com.amalitech.base.BaseTest - Appium driver initialized successfully
Starting complete user journey test...
=== Step 1: Performing Login ===
Username entered successfully: standard_user
Password entered successfully
Login button clicked successfully
Products page loaded successfully
Login completed successfully
=== Step 2: Adding Items to Cart ===
Successfully added 3 items to cart
=== Step 3: Navigate to Cart and Manage Items ===
Successfully managed cart items
=== Step 4: Complete Checkout Process ===
Filled shipping info: Emmanuel Arhu, 0233
Clicked continue button
Finish button not visible, scrolling down...
Scrolled down to reveal finish button
Clicked finish button after scrolling
Clicked back home button
Checkout process completed successfully
Complete user journey test passed!
]]></system-out>
    <system-err><![CDATA[SLF4J(W): No SLF4J providers were found.
SLF4J(W): Defaulting to no-operation (NOP) logger implementation
SLF4J(W): See https://www.slf4j.org/codes.html#noProviders for further details.
SLF4J(W): Class path contains SLF4J bindings targeting slf4j-api versions 1.7.x or earlier.
SLF4J(W): Ignoring binding found at [jar:file:/C:/Users/Emmanuel%20Arhu/.m2/repository/org/apache/logging/log4j/log4j-slf4j-impl/2.25.1/log4j-slf4j-impl-2.25.1.jar!/org/slf4j/impl/StaticLoggerBinder.class]
SLF4J(W): See https://www.slf4j.org/codes.html#ignoredBindings for an explanation.
Element not found with accessibility ID: test-FINISH
]]></system-err>
  </testcase>
</testsuite>